=== npm audit security report ===                        
                                                                                
┌──────────────────────────────────────────────────────────────────────────────┐
│                                Manual Review                                 │
│            Some vulnerabilities require your attention to resolve            │
│                                                                              │
│         Visit https://go.npm.me/audit-guide for additional guidance          │
└──────────────────────────────────────────────────────────────────────────────┘
┌───────────────┬──────────────────────────────────────────────────────────────┐
│ High          │ Open Redirect                                                │
├───────────────┼──────────────────────────────────────────────────────────────┤
│ Package       │ ecstatic                                                     │
├───────────────┼──────────────────────────────────────────────────────────────┤
│ Patched in    │ >=2.2.2 <3.0.0 || >=3.3.2 <4.0.0 || >=4.1.2                  │
├───────────────┼──────────────────────────────────────────────────────────────┤
│ Dependency of │ ecstatic                                                     │
├───────────────┼──────────────────────────────────────────────────────────────┤
│ Path          │ ecstatic                                                     │
├───────────────┼──────────────────────────────────────────────────────────────┤
│ More info     │ https://nodesecurity.io/advisories/830                       │
└───────────────┴──────────────────────────────────────────────────────────────┘
┌───────────────┬──────────────────────────────────────────────────────────────┐
│ High          │ Open Redirect                                                │
├───────────────┼──────────────────────────────────────────────────────────────┤
│ Package       │ ecstatic                                                     │
├───────────────┼──────────────────────────────────────────────────────────────┤
│ Patched in    │ >=2.2.2 <3.0.0 || >=3.3.2 <4.0.0 || >=4.1.2                  │
├───────────────┼──────────────────────────────────────────────────────────────┤
│ Dependency of │ http-server [dev]                                            │
├───────────────┼──────────────────────────────────────────────────────────────┤
│ Path          │ http-server > ecstatic                                       │
├───────────────┼──────────────────────────────────────────────────────────────┤
│ More info     │ https://nodesecurity.io/advisories/830                       │
└───────────────┴──────────────────────────────────────────────────────────────┘
┌───────────────┬──────────────────────────────────────────────────────────────┐
│ High          │ Arbitrary File Overwrite                                     │
├───────────────┼──────────────────────────────────────────────────────────────┤
│ Package       │ tar                                                          │
├───────────────┼──────────────────────────────────────────────────────────────┤
│ Patched in    │ >=4.4.2                                                      │
├───────────────┼──────────────────────────────────────────────────────────────┤
│ Dependency of │ node-sass [dev]                                              │
├───────────────┼──────────────────────────────────────────────────────────────┤
│ Path          │ node-sass > node-gyp > tar                                   │
├───────────────┼──────────────────────────────────────────────────────────────┤
│ More info     │ https://nodesecurity.io/advisories/803                       │
└───────────────┴──────────────────────────────────────────────────────────────┘
┌───────────────┬──────────────────────────────────────────────────────────────┐
│ Moderate      │ Prototype Pollution                                          │
├───────────────┼──────────────────────────────────────────────────────────────┤
│ Package       │ lodash                                                       │
├───────────────┼──────────────────────────────────────────────────────────────┤
│ Patched in    │ >=4.17.11                                                    │
├───────────────┼──────────────────────────────────────────────────────────────┤
│ Dependency of │ jasmine-webpack-plugin [dev]                                 │
├───────────────┼──────────────────────────────────────────────────────────────┤
│ Path          │ jasmine-webpack-plugin > html-webpack-plugin > lodash        │
├───────────────┼──────────────────────────────────────────────────────────────┤
│ More info     │ https://nodesecurity.io/advisories/782                       │
└───────────────┴──────────────────────────────────────────────────────────────┘
┌───────────────┬──────────────────────────────────────────────────────────────┐
│ Low           │ Prototype Pollution                                          │
├───────────────┼──────────────────────────────────────────────────────────────┤
│ Package       │ lodash                                                       │
├───────────────┼──────────────────────────────────────────────────────────────┤
│ Patched in    │ >=4.17.5                                                     │
├───────────────┼──────────────────────────────────────────────────────────────┤
│ Dependency of │ jasmine-webpack-plugin [dev]                                 │
├───────────────┼──────────────────────────────────────────────────────────────┤
│ Path          │ jasmine-webpack-plugin > html-webpack-plugin > lodash        │
├───────────────┼──────────────────────────────────────────────────────────────┤
│ More info     │ https://nodesecurity.io/advisories/577                       │
└───────────────┴──────────────────────────────────────────────────────────────┘
┌───────────────┬──────────────────────────────────────────────────────────────┐
│ Low           │ Regular Expression Denial of Service                         │
├───────────────┼──────────────────────────────────────────────────────────────┤
│ Package       │ clean-css                                                    │
├───────────────┼──────────────────────────────────────────────────────────────┤
│ Patched in    │ >=4.1.11                                                     │
├───────────────┼──────────────────────────────────────────────────────────────┤
│ Dependency of │ jasmine-webpack-plugin [dev]                                 │
├───────────────┼──────────────────────────────────────────────────────────────┤
│ Path          │ jasmine-webpack-plugin > html-webpack-plugin > html-minifier │
│               │ > clean-css                                                  │
├───────────────┼──────────────────────────────────────────────────────────────┤
│ More info     │ https://nodesecurity.io/advisories/785                       │
└───────────────┴──────────────────────────────────────────────────────────────┘
found 6 vulnerabilities (2 low, 1 moderate, 3 high) in 21792 scanned packages
  6 vulnerabilities require manual review. See the full report for details.
